Determining if the pthread_create exist failed with the following output:
Change Dir: /home/ubuntu/Documents/NAO/naoWorkspace/individualrace/build-naoki-sdk1.14/CMakeFiles/CMakeTmp

Run Build Command:/usr/bin/make "cmTryCompileExec2263903375/fast"
/usr/bin/make -f CMakeFiles/cmTryCompileExec2263903375.dir/build.make CMakeFiles/cmTryCompileExec2263903375.dir/build
make[1]: Entering directory `/home/ubuntu/Documents/NAO/naoWorkspace/individualrace/build-naoki-sdk1.14/CMakeFiles/CMakeTmp'
/usr/bin/cmake -E cmake_progress_report /home/ubuntu/Documents/NAO/naoWorkspace/individualrace/build-naoki-sdk1.14/CMakeFiles/CMakeTmp/CMakeFiles 1
Building C object CMakeFiles/cmTryCompileExec2263903375.dir/CheckSymbolExists.c.o
/usr/bin/cc    -o CMakeFiles/cmTryCompileExec2263903375.dir/CheckSymbolExists.c.o   -c /home/ubuntu/Documents/NAO/naoWorkspace/individualrace/build-naoki-sdk1.14/CMakeFiles/CMakeTmp/CheckSymbolExists.c
Linking C executable cmTryCompileExec2263903375
/usr/bin/cmake -E cmake_link_script CMakeFiles/cmTryCompileExec2263903375.dir/link.txt --verbose=1
/usr/bin/cc       CMakeFiles/cmTryCompileExec2263903375.dir/CheckSymbolExists.c.o  -o cmTryCompileExec2263903375 -rdynamic 
CMakeFiles/cmTryCompileExec2263903375.dir/CheckSymbolExists.c.o: In function `main':
CheckSymbolExists.c:(.text+0x16): undefined reference to `pthread_create'
collect2: error: ld returned 1 exit status
make[1]: *** [cmTryCompileExec2263903375] Error 1
make[1]: Leaving directory `/home/ubuntu/Documents/NAO/naoWorkspace/individualrace/build-naoki-sdk1.14/CMakeFiles/CMakeTmp'
make: *** [cmTryCompileExec2263903375/fast] Error 2

File /home/ubuntu/Documents/NAO/naoWorkspace/individualrace/build-naoki-sdk1.14/CMakeFiles/CMakeTmp/CheckSymbolExists.c:
/* */
#include <pthread.h>

int main(int argc, char** argv)
{
  (void)argv;
#ifndef pthread_create
  return ((int*)(&pthread_create))[argc];
#else
  (void)argc;
  return 0;
#endif
}

Determining if the function pthread_create exists in the pthreads failed with the following output:
Change Dir: /home/ubuntu/Documents/NAO/naoWorkspace/individualrace/build-naoki-sdk1.14/CMakeFiles/CMakeTmp

Run Build Command:/usr/bin/make "cmTryCompileExec1588975719/fast"
/usr/bin/make -f CMakeFiles/cmTryCompileExec1588975719.dir/build.make CMakeFiles/cmTryCompileExec1588975719.dir/build
make[1]: Entering directory `/home/ubuntu/Documents/NAO/naoWorkspace/individualrace/build-naoki-sdk1.14/CMakeFiles/CMakeTmp'
/usr/bin/cmake -E cmake_progress_report /home/ubuntu/Documents/NAO/naoWorkspace/individualrace/build-naoki-sdk1.14/CMakeFiles/CMakeTmp/CMakeFiles 1
Building C object CMakeFiles/cmTryCompileExec1588975719.dir/CheckFunctionExists.c.o
/usr/bin/cc   -DCHECK_FUNCTION_EXISTS=pthread_create   -o CMakeFiles/cmTryCompileExec1588975719.dir/CheckFunctionExists.c.o   -c /usr/share/cmake-2.8/Modules/CheckFunctionExists.c
Linking C executable cmTryCompileExec1588975719
/usr/bin/cmake -E cmake_link_script CMakeFiles/cmTryCompileExec1588975719.dir/link.txt --verbose=1
/usr/bin/cc   -DCHECK_FUNCTION_EXISTS=pthread_create    CMakeFiles/cmTryCompileExec1588975719.dir/CheckFunctionExists.c.o  -o cmTryCompileExec1588975719 -rdynamic -lpthreads 
/usr/bin/ld: cannot find -lpthreads
collect2: error: ld returned 1 exit status
make[1]: *** [cmTryCompileExec1588975719] Error 1
make[1]: Leaving directory `/home/ubuntu/Documents/NAO/naoWorkspace/individualrace/build-naoki-sdk1.14/CMakeFiles/CMakeTmp'
make: *** [cmTryCompileExec1588975719/fast] Error 2


