Determining if the pthread_create exist failed with the following output:
Change Dir: /home/aguilerapjc/JC/NAO/naoWS/wlkv2/build-naoqi64/CMakeFiles/CMakeTmp

Run Build Command:/usr/bin/make "cmTryCompileExec90165902/fast"
/usr/bin/make -f CMakeFiles/cmTryCompileExec90165902.dir/build.make CMakeFiles/cmTryCompileExec90165902.dir/build
make[1]: Entering directory `/home/aguilerapjc/JC/NAO/naoWS/wlkv2/build-naoqi64/CMakeFiles/CMakeTmp'
/usr/bin/cmake -E cmake_progress_report /home/aguilerapjc/JC/NAO/naoWS/wlkv2/build-naoqi64/CMakeFiles/CMakeTmp/CMakeFiles 1
Building C object CMakeFiles/cmTryCompileExec90165902.dir/CheckSymbolExists.c.o
/usr/bin/cc    -o CMakeFiles/cmTryCompileExec90165902.dir/CheckSymbolExists.c.o   -c /home/aguilerapjc/JC/NAO/naoWS/wlkv2/build-naoqi64/CMakeFiles/CMakeTmp/CheckSymbolExists.c
Linking C executable cmTryCompileExec90165902
/usr/bin/cmake -E cmake_link_script CMakeFiles/cmTryCompileExec90165902.dir/link.txt --verbose=1
/usr/bin/cc       CMakeFiles/cmTryCompileExec90165902.dir/CheckSymbolExists.c.o  -o cmTryCompileExec90165902 -rdynamic 
CMakeFiles/cmTryCompileExec90165902.dir/CheckSymbolExists.c.o: In function `main':
CheckSymbolExists.c:(.text+0x16): undefined reference to `pthread_create'
collect2: error: ld returned 1 exit status
make[1]: *** [cmTryCompileExec90165902] Error 1
make[1]: Leaving directory `/home/aguilerapjc/JC/NAO/naoWS/wlkv2/build-naoqi64/CMakeFiles/CMakeTmp'
make: *** [cmTryCompileExec90165902/fast] Error 2

File /home/aguilerapjc/JC/NAO/naoWS/wlkv2/build-naoqi64/CMakeFiles/CMakeTmp/CheckSymbolExists.c:
/* */
#include <pthread.h>

int main(int argc, char** argv)
{
  (void)argv;
#ifndef pthread_create
  return ((int*)(&pthread_create))[argc];
#else
  (void)argc;
  return 0;
#endif
}

Determining if the function pthread_create exists in the pthreads failed with the following output:
Change Dir: /home/aguilerapjc/JC/NAO/naoWS/wlkv2/build-naoqi64/CMakeFiles/CMakeTmp

Run Build Command:/usr/bin/make "cmTryCompileExec3530506801/fast"
/usr/bin/make -f CMakeFiles/cmTryCompileExec3530506801.dir/build.make CMakeFiles/cmTryCompileExec3530506801.dir/build
make[1]: Entering directory `/home/aguilerapjc/JC/NAO/naoWS/wlkv2/build-naoqi64/CMakeFiles/CMakeTmp'
/usr/bin/cmake -E cmake_progress_report /home/aguilerapjc/JC/NAO/naoWS/wlkv2/build-naoqi64/CMakeFiles/CMakeTmp/CMakeFiles 1
Building C object CMakeFiles/cmTryCompileExec3530506801.dir/CheckFunctionExists.c.o
/usr/bin/cc   -DCHECK_FUNCTION_EXISTS=pthread_create   -o CMakeFiles/cmTryCompileExec3530506801.dir/CheckFunctionExists.c.o   -c /usr/share/cmake-2.8/Modules/CheckFunctionExists.c
Linking C executable cmTryCompileExec3530506801
/usr/bin/cmake -E cmake_link_script CMakeFiles/cmTryCompileExec3530506801.dir/link.txt --verbose=1
/usr/bin/cc   -DCHECK_FUNCTION_EXISTS=pthread_create    CMakeFiles/cmTryCompileExec3530506801.dir/CheckFunctionExists.c.o  -o cmTryCompileExec3530506801 -rdynamic -lpthreads 
/usr/bin/ld: cannot find -lpthreads
collect2: error: ld returned 1 exit status
make[1]: *** [cmTryCompileExec3530506801] Error 1
make[1]: Leaving directory `/home/aguilerapjc/JC/NAO/naoWS/wlkv2/build-naoqi64/CMakeFiles/CMakeTmp'
make: *** [cmTryCompileExec3530506801/fast] Error 2


Determining if the pthread_create exist failed with the following output:
Change Dir: /home/aguilerapjc/JC/NAO/naoWS/wlkv2/build-naoqi64/CMakeFiles/CMakeTmp

Run Build Command:/usr/bin/make "cmTryCompileExec1254031924/fast"
/usr/bin/make -f CMakeFiles/cmTryCompileExec1254031924.dir/build.make CMakeFiles/cmTryCompileExec1254031924.dir/build
make[1]: Entering directory `/home/aguilerapjc/JC/NAO/naoWS/wlkv2/build-naoqi64/CMakeFiles/CMakeTmp'
/usr/bin/cmake -E cmake_progress_report /home/aguilerapjc/JC/NAO/naoWS/wlkv2/build-naoqi64/CMakeFiles/CMakeTmp/CMakeFiles 1
Building C object CMakeFiles/cmTryCompileExec1254031924.dir/CheckSymbolExists.c.o
/usr/bin/cc    -o CMakeFiles/cmTryCompileExec1254031924.dir/CheckSymbolExists.c.o   -c /home/aguilerapjc/JC/NAO/naoWS/wlkv2/build-naoqi64/CMakeFiles/CMakeTmp/CheckSymbolExists.c
Linking C executable cmTryCompileExec1254031924
/usr/bin/cmake -E cmake_link_script CMakeFiles/cmTryCompileExec1254031924.dir/link.txt --verbose=1
/usr/bin/cc       CMakeFiles/cmTryCompileExec1254031924.dir/CheckSymbolExists.c.o  -o cmTryCompileExec1254031924 -rdynamic 
CMakeFiles/cmTryCompileExec1254031924.dir/CheckSymbolExists.c.o: In function `main':
CheckSymbolExists.c:(.text+0x16): undefined reference to `pthread_create'
collect2: error: ld returned 1 exit status
make[1]: *** [cmTryCompileExec1254031924] Error 1
make[1]: Leaving directory `/home/aguilerapjc/JC/NAO/naoWS/wlkv2/build-naoqi64/CMakeFiles/CMakeTmp'
make: *** [cmTryCompileExec1254031924/fast] Error 2

File /home/aguilerapjc/JC/NAO/naoWS/wlkv2/build-naoqi64/CMakeFiles/CMakeTmp/CheckSymbolExists.c:
/* */
#include <pthread.h>

int main(int argc, char** argv)
{
  (void)argv;
#ifndef pthread_create
  return ((int*)(&pthread_create))[argc];
#else
  (void)argc;
  return 0;
#endif
}

Determining if the function pthread_create exists in the pthreads failed with the following output:
Change Dir: /home/aguilerapjc/JC/NAO/naoWS/wlkv2/build-naoqi64/CMakeFiles/CMakeTmp

Run Build Command:/usr/bin/make "cmTryCompileExec40686093/fast"
/usr/bin/make -f CMakeFiles/cmTryCompileExec40686093.dir/build.make CMakeFiles/cmTryCompileExec40686093.dir/build
make[1]: Entering directory `/home/aguilerapjc/JC/NAO/naoWS/wlkv2/build-naoqi64/CMakeFiles/CMakeTmp'
/usr/bin/cmake -E cmake_progress_report /home/aguilerapjc/JC/NAO/naoWS/wlkv2/build-naoqi64/CMakeFiles/CMakeTmp/CMakeFiles 1
Building C object CMakeFiles/cmTryCompileExec40686093.dir/CheckFunctionExists.c.o
/usr/bin/cc   -DCHECK_FUNCTION_EXISTS=pthread_create   -o CMakeFiles/cmTryCompileExec40686093.dir/CheckFunctionExists.c.o   -c /usr/share/cmake-2.8/Modules/CheckFunctionExists.c
Linking C executable cmTryCompileExec40686093
/usr/bin/cmake -E cmake_link_script CMakeFiles/cmTryCompileExec40686093.dir/link.txt --verbose=1
/usr/bin/cc   -DCHECK_FUNCTION_EXISTS=pthread_create    CMakeFiles/cmTryCompileExec40686093.dir/CheckFunctionExists.c.o  -o cmTryCompileExec40686093 -rdynamic -lpthreads 
/usr/bin/ld: cannot find -lpthreads
collect2: error: ld returned 1 exit status
make[1]: Leaving directory `/home/aguilerapjc/JC/NAO/naoWS/wlkv2/build-naoqi64/CMakeFiles/CMakeTmp'
make[1]: *** [cmTryCompileExec40686093] Error 1
make: *** [cmTryCompileExec40686093/fast] Error 2


Determining if the pthread_create exist failed with the following output:
Change Dir: /home/aguilerapjc/JC/NAO/naoWS/wlkv2/build-naoqi64/CMakeFiles/CMakeTmp

Run Build Command:/usr/bin/make "cmTryCompileExec2209258648/fast"
/usr/bin/make -f CMakeFiles/cmTryCompileExec2209258648.dir/build.make CMakeFiles/cmTryCompileExec2209258648.dir/build
make[1]: Entering directory `/home/aguilerapjc/JC/NAO/naoWS/wlkv2/build-naoqi64/CMakeFiles/CMakeTmp'
/usr/bin/cmake -E cmake_progress_report /home/aguilerapjc/JC/NAO/naoWS/wlkv2/build-naoqi64/CMakeFiles/CMakeTmp/CMakeFiles 1
Building C object CMakeFiles/cmTryCompileExec2209258648.dir/CheckSymbolExists.c.o
/usr/bin/cc    -o CMakeFiles/cmTryCompileExec2209258648.dir/CheckSymbolExists.c.o   -c /home/aguilerapjc/JC/NAO/naoWS/wlkv2/build-naoqi64/CMakeFiles/CMakeTmp/CheckSymbolExists.c
Linking C executable cmTryCompileExec2209258648
/usr/bin/cmake -E cmake_link_script CMakeFiles/cmTryCompileExec2209258648.dir/link.txt --verbose=1
/usr/bin/cc       CMakeFiles/cmTryCompileExec2209258648.dir/CheckSymbolExists.c.o  -o cmTryCompileExec2209258648 -rdynamic 
CMakeFiles/cmTryCompileExec2209258648.dir/CheckSymbolExists.c.o: In function `main':
CheckSymbolExists.c:(.text+0x16): undefined reference to `pthread_create'
collect2: error: ld returned 1 exit status
make[1]: *** [cmTryCompileExec2209258648] Error 1
make[1]: Leaving directory `/home/aguilerapjc/JC/NAO/naoWS/wlkv2/build-naoqi64/CMakeFiles/CMakeTmp'
make: *** [cmTryCompileExec2209258648/fast] Error 2

File /home/aguilerapjc/JC/NAO/naoWS/wlkv2/build-naoqi64/CMakeFiles/CMakeTmp/CheckSymbolExists.c:
/* */
#include <pthread.h>

int main(int argc, char** argv)
{
  (void)argv;
#ifndef pthread_create
  return ((int*)(&pthread_create))[argc];
#else
  (void)argc;
  return 0;
#endif
}

Determining if the function pthread_create exists in the pthreads failed with the following output:
Change Dir: /home/aguilerapjc/JC/NAO/naoWS/wlkv2/build-naoqi64/CMakeFiles/CMakeTmp

Run Build Command:/usr/bin/make "cmTryCompileExec3950846156/fast"
/usr/bin/make -f CMakeFiles/cmTryCompileExec3950846156.dir/build.make CMakeFiles/cmTryCompileExec3950846156.dir/build
make[1]: Entering directory `/home/aguilerapjc/JC/NAO/naoWS/wlkv2/build-naoqi64/CMakeFiles/CMakeTmp'
/usr/bin/cmake -E cmake_progress_report /home/aguilerapjc/JC/NAO/naoWS/wlkv2/build-naoqi64/CMakeFiles/CMakeTmp/CMakeFiles 1
Building C object CMakeFiles/cmTryCompileExec3950846156.dir/CheckFunctionExists.c.o
/usr/bin/cc   -DCHECK_FUNCTION_EXISTS=pthread_create   -o CMakeFiles/cmTryCompileExec3950846156.dir/CheckFunctionExists.c.o   -c /usr/share/cmake-2.8/Modules/CheckFunctionExists.c
Linking C executable cmTryCompileExec3950846156
/usr/bin/cmake -E cmake_link_script CMakeFiles/cmTryCompileExec3950846156.dir/link.txt --verbose=1
/usr/bin/cc   -DCHECK_FUNCTION_EXISTS=pthread_create    CMakeFiles/cmTryCompileExec3950846156.dir/CheckFunctionExists.c.o  -o cmTryCompileExec3950846156 -rdynamic -lpthreads 
/usr/bin/ld: cannot find -lpthreads
collect2: error: ld returned 1 exit status
make[1]: Leaving directory `/home/aguilerapjc/JC/NAO/naoWS/wlkv2/build-naoqi64/CMakeFiles/CMakeTmp'
make[1]: *** [cmTryCompileExec3950846156] Error 1
make: *** [cmTryCompileExec3950846156/fast] Error 2


